The system is: Linux - 3.15.8-200.fc20.x86_64 - x86_64
Compiling the C compiler identification source file "CMakeCCompilerId.c" succeeded.
Compiler: /usr/bin/clang 
Build flags: 
Id flags: 

The output was:
0


Compilation of the C compiler identification source "CMakeCCompilerId.c" produced "a.out"

The C compiler identification is Clang, found in "/home/alex/distorm/build/CMakeFiles/2.8.12.2/CompilerIdC/a.out"

Determining if the C compiler works passed with the following output:
Change Dir: /home/alex/distorm/build/CMakeFiles/CMakeTmp

Run Build Command:/usr/bin/gmake "cmTryCompileExec449388546/fast"
/usr/bin/gmake -f CMakeFiles/cmTryCompileExec449388546.dir/build.make CMakeFiles/cmTryCompileExec449388546.dir/build
gmake[1]: se ingresa al directorio `/home/alex/distorm/build/CMakeFiles/CMakeTmp'
/usr/bin/cmake -E cmake_progress_report /home/alex/distorm/build/CMakeFiles/CMakeTmp/CMakeFiles 1
Building C object CMakeFiles/cmTryCompileExec449388546.dir/testCCompiler.c.o
/usr/bin/clang    -o CMakeFiles/cmTryCompileExec449388546.dir/testCCompiler.c.o   -c /home/alex/distorm/build/CMakeFiles/CMakeTmp/testCCompiler.c
Linking C executable cmTryCompileExec449388546
/usr/bin/cmake -E cmake_link_script CMakeFiles/cmTryCompileExec449388546.dir/link.txt --verbose=1
/usr/bin/clang       CMakeFiles/cmTryCompileExec449388546.dir/testCCompiler.c.o  -o cmTryCompileExec449388546 -rdynamic 
gmake[1]: se sale del directorio `/home/alex/distorm/build/CMakeFiles/CMakeTmp'


Detecting C compiler ABI info compiled with the following output:
Change Dir: /home/alex/distorm/build/CMakeFiles/CMakeTmp

Run Build Command:/usr/bin/gmake "cmTryCompileExec408183493/fast"
/usr/bin/gmake -f CMakeFiles/cmTryCompileExec408183493.dir/build.make CMakeFiles/cmTryCompileExec408183493.dir/build
gmake[1]: se ingresa al directorio `/home/alex/distorm/build/CMakeFiles/CMakeTmp'
/usr/bin/cmake -E cmake_progress_report /home/alex/distorm/build/CMakeFiles/CMakeTmp/CMakeFiles 1
Building C object CMakeFiles/cmTryCompileExec408183493.dir/CMakeCCompilerABI.c.o
/usr/bin/clang    -o CMakeFiles/cmTryCompileExec408183493.dir/CMakeCCompilerABI.c.o   -c /usr/share/cmake/Modules/CMakeCCompilerABI.c
Linking C executable cmTryCompileExec408183493
/usr/bin/cmake -E cmake_link_script CMakeFiles/cmTryCompileExec408183493.dir/link.txt --verbose=1
/usr/bin/clang     -v CMakeFiles/cmTryCompileExec408183493.dir/CMakeCCompilerABI.c.o  -o cmTryCompileExec408183493 -rdynamic  
clang version 3.4 (tags/RELEASE_34/final)
Target: x86_64-redhat-linux-gnu
Thread model: posix
Found candidate GCC installation: /usr/bin/../lib/gcc/x86_64-redhat-linux/4.8.3
Found candidate GCC installation: /usr/lib/gcc/x86_64-redhat-linux/4.8.3
Selected GCC installation: /usr/bin/../lib/gcc/x86_64-redhat-linux/4.8.3
 "/usr/bin/ld" -export-dynamic --hash-style=gnu --no-add-needed --build-id --eh-frame-hdr -m elf_x86_64 -dynamic-linker /lib64/ld-linux-x86-64.so.2 -o cmTryCompileExec408183493 /usr/bin/../lib/gcc/x86_64-redhat-linux/4.8.3/../../../../lib64/crt1.o /usr/bin/../lib/gcc/x86_64-redhat-linux/4.8.3/../../../../lib64/crti.o /usr/bin/../lib/gcc/x86_64-redhat-linux/4.8.3/crtbegin.o -L/usr/bin/../lib/gcc/x86_64-redhat-linux/4.8.3 -L/usr/bin/../lib/gcc/x86_64-redhat-linux/4.8.3/../../../../lib64 -L/lib/../lib64 -L/usr/lib/../lib64 -L/usr/bin/../lib/gcc/x86_64-redhat-linux/4.8.3/../../.. -L/lib -L/usr/lib CMakeFiles/cmTryCompileExec408183493.dir/CMakeCCompilerABI.c.o -lgcc --as-needed -lgcc_s --no-as-needed -lc -lgcc --as-needed -lgcc_s --no-as-needed /usr/bin/../lib/gcc/x86_64-redhat-linux/4.8.3/crtend.o /usr/bin/../lib/gcc/x86_64-redhat-linux/4.8.3/../../../../lib64/crtn.o
gmake[1]: se sale del directorio `/home/alex/distorm/build/CMakeFiles/CMakeTmp'


Parsed C implicit link information from above output:
  link line regex: [^( *|.*[/\])(ld|([^/\]+-)?ld|collect2)[^/\]*( |$)]
  ignore line: [Change Dir: /home/alex/distorm/build/CMakeFiles/CMakeTmp]
  ignore line: []
  ignore line: [Run Build Command:/usr/bin/gmake "cmTryCompileExec408183493/fast"]
  ignore line: [/usr/bin/gmake -f CMakeFiles/cmTryCompileExec408183493.dir/build.make CMakeFiles/cmTryCompileExec408183493.dir/build]
  ignore line: [gmake[1]: se ingresa al directorio `/home/alex/distorm/build/CMakeFiles/CMakeTmp']
  ignore line: [/usr/bin/cmake -E cmake_progress_report /home/alex/distorm/build/CMakeFiles/CMakeTmp/CMakeFiles 1]
  ignore line: [Building C object CMakeFiles/cmTryCompileExec408183493.dir/CMakeCCompilerABI.c.o]
  ignore line: [/usr/bin/clang    -o CMakeFiles/cmTryCompileExec408183493.dir/CMakeCCompilerABI.c.o   -c /usr/share/cmake/Modules/CMakeCCompilerABI.c]
  ignore line: [Linking C executable cmTryCompileExec408183493]
  ignore line: [/usr/bin/cmake -E cmake_link_script CMakeFiles/cmTryCompileExec408183493.dir/link.txt --verbose=1]
  ignore line: [/usr/bin/clang     -v CMakeFiles/cmTryCompileExec408183493.dir/CMakeCCompilerABI.c.o  -o cmTryCompileExec408183493 -rdynamic  ]
  ignore line: [clang version 3.4 (tags/RELEASE_34/final)]
  ignore line: [Target: x86_64-redhat-linux-gnu]
  ignore line: [Thread model: posix]
  ignore line: [Found candidate GCC installation: /usr/bin/../lib/gcc/x86_64-redhat-linux/4.8.3]
  ignore line: [Found candidate GCC installation: /usr/lib/gcc/x86_64-redhat-linux/4.8.3]
  ignore line: [Selected GCC installation: /usr/bin/../lib/gcc/x86_64-redhat-linux/4.8.3]
  link line: [ "/usr/bin/ld" -export-dynamic --hash-style=gnu --no-add-needed --build-id --eh-frame-hdr -m elf_x86_64 -dynamic-linker /lib64/ld-linux-x86-64.so.2 -o cmTryCompileExec408183493 /usr/bin/../lib/gcc/x86_64-redhat-linux/4.8.3/../../../../lib64/crt1.o /usr/bin/../lib/gcc/x86_64-redhat-linux/4.8.3/../../../../lib64/crti.o /usr/bin/../lib/gcc/x86_64-redhat-linux/4.8.3/crtbegin.o -L/usr/bin/../lib/gcc/x86_64-redhat-linux/4.8.3 -L/usr/bin/../lib/gcc/x86_64-redhat-linux/4.8.3/../../../../lib64 -L/lib/../lib64 -L/usr/lib/../lib64 -L/usr/bin/../lib/gcc/x86_64-redhat-linux/4.8.3/../../.. -L/lib -L/usr/lib CMakeFiles/cmTryCompileExec408183493.dir/CMakeCCompilerABI.c.o -lgcc --as-needed -lgcc_s --no-as-needed -lc -lgcc --as-needed -lgcc_s --no-as-needed /usr/bin/../lib/gcc/x86_64-redhat-linux/4.8.3/crtend.o /usr/bin/../lib/gcc/x86_64-redhat-linux/4.8.3/../../../../lib64/crtn.o]
    arg [/usr/bin/ld] ==> ignore
    arg [-export-dynamic] ==> ignore
    arg [--hash-style=gnu] ==> ignore
    arg [--no-add-needed] ==> ignore
    arg [--build-id] ==> ignore
    arg [--eh-frame-hdr] ==> ignore
    arg [-m] ==> ignore
    arg [elf_x86_64] ==> ignore
    arg [-dynamic-linker] ==> ignore
    arg [/lib64/ld-linux-x86-64.so.2] ==> ignore
    arg [-o] ==> ignore
    arg [cmTryCompileExec408183493] ==> ignore
    arg [/usr/bin/../lib/gcc/x86_64-redhat-linux/4.8.3/../../../../lib64/crt1.o] ==> ignore
    arg [/usr/bin/../lib/gcc/x86_64-redhat-linux/4.8.3/../../../../lib64/crti.o] ==> ignore
    arg [/usr/bin/../lib/gcc/x86_64-redhat-linux/4.8.3/crtbegin.o] ==> ignore
    arg [-L/usr/bin/../lib/gcc/x86_64-redhat-linux/4.8.3] ==> dir [/usr/bin/../lib/gcc/x86_64-redhat-linux/4.8.3]
    arg [-L/usr/bin/../lib/gcc/x86_64-redhat-linux/4.8.3/../../../../lib64] ==> dir [/usr/bin/../lib/gcc/x86_64-redhat-linux/4.8.3/../../../../lib64]
    arg [-L/lib/../lib64] ==> dir [/lib/../lib64]
    arg [-L/usr/lib/../lib64] ==> dir [/usr/lib/../lib64]
    arg [-L/usr/bin/../lib/gcc/x86_64-redhat-linux/4.8.3/../../..] ==> dir [/usr/bin/../lib/gcc/x86_64-redhat-linux/4.8.3/../../..]
    arg [-L/lib] ==> dir [/lib]
    arg [-L/usr/lib] ==> dir [/usr/lib]
    arg [CMakeFiles/cmTryCompileExec408183493.dir/CMakeCCompilerABI.c.o] ==> ignore
    arg [-lgcc] ==> lib [gcc]
    arg [--as-needed] ==> ignore
    arg [-lgcc_s] ==> lib [gcc_s]
    arg [--no-as-needed] ==> ignore
    arg [-lc] ==> lib [c]
    arg [-lgcc] ==> lib [gcc]
    arg [--as-needed] ==> ignore
    arg [-lgcc_s] ==> lib [gcc_s]
    arg [--no-as-needed] ==> ignore
    arg [/usr/bin/../lib/gcc/x86_64-redhat-linux/4.8.3/crtend.o] ==> ignore
    arg [/usr/bin/../lib/gcc/x86_64-redhat-linux/4.8.3/../../../../lib64/crtn.o] ==> ignore
  remove lib [gcc]
  remove lib [gcc_s]
  remove lib [gcc]
  remove lib [gcc_s]
  collapse library dir [/usr/bin/../lib/gcc/x86_64-redhat-linux/4.8.3] ==> [/usr/lib/gcc/x86_64-redhat-linux/4.8.3]
  collapse library dir [/usr/bin/../lib/gcc/x86_64-redhat-linux/4.8.3/../../../../lib64] ==> [/usr/lib64]
  collapse library dir [/lib/../lib64] ==> [/lib64]
  collapse library dir [/usr/lib/../lib64] ==> [/usr/lib64]
  collapse library dir [/usr/bin/../lib/gcc/x86_64-redhat-linux/4.8.3/../../..] ==> [/usr/lib]
  collapse library dir [/lib] ==> [/lib]
  collapse library dir [/usr/lib] ==> [/usr/lib]
  implicit libs: [c]
  implicit dirs: [/usr/lib/gcc/x86_64-redhat-linux/4.8.3;/usr/lib64;/lib64;/usr/lib;/lib]
  implicit fwks: []


Determining if the include file stdint.h exists passed with the following output:
Change Dir: /home/alex/distorm/build/CMakeFiles/CMakeTmp

Run Build Command:/usr/bin/gmake "cmTryCompileExec1582308992/fast"
/usr/bin/gmake -f CMakeFiles/cmTryCompileExec1582308992.dir/build.make CMakeFiles/cmTryCompileExec1582308992.dir/build
gmake[1]: se ingresa al directorio `/home/alex/distorm/build/CMakeFiles/CMakeTmp'
/usr/bin/cmake -E cmake_progress_report /home/alex/distorm/build/CMakeFiles/CMakeTmp/CMakeFiles 1
Building C object CMakeFiles/cmTryCompileExec1582308992.dir/CheckIncludeFile.c.o
/usr/bin/clang    -o CMakeFiles/cmTryCompileExec1582308992.dir/CheckIncludeFile.c.o   -c /home/alex/distorm/build/CMakeFiles/CMakeTmp/CheckIncludeFile.c
Linking C executable cmTryCompileExec1582308992
/usr/bin/cmake -E cmake_link_script CMakeFiles/cmTryCompileExec1582308992.dir/link.txt --verbose=1
/usr/bin/clang       CMakeFiles/cmTryCompileExec1582308992.dir/CheckIncludeFile.c.o  -o cmTryCompileExec1582308992 -rdynamic 
gmake[1]: se sale del directorio `/home/alex/distorm/build/CMakeFiles/CMakeTmp'


Determining if the include file sys/types.h exists passed with the following output:
Change Dir: /home/alex/distorm/build/CMakeFiles/CMakeTmp

Run Build Command:/usr/bin/gmake "cmTryCompileExec3653699338/fast"
/usr/bin/gmake -f CMakeFiles/cmTryCompileExec3653699338.dir/build.make CMakeFiles/cmTryCompileExec3653699338.dir/build
gmake[1]: se ingresa al directorio `/home/alex/distorm/build/CMakeFiles/CMakeTmp'
/usr/bin/cmake -E cmake_progress_report /home/alex/distorm/build/CMakeFiles/CMakeTmp/CMakeFiles 1
Building C object CMakeFiles/cmTryCompileExec3653699338.dir/CheckIncludeFile.c.o
/usr/bin/clang    -o CMakeFiles/cmTryCompileExec3653699338.dir/CheckIncludeFile.c.o   -c /home/alex/distorm/build/CMakeFiles/CMakeTmp/CheckIncludeFile.c
Linking C executable cmTryCompileExec3653699338
/usr/bin/cmake -E cmake_link_script CMakeFiles/cmTryCompileExec3653699338.dir/link.txt --verbose=1
/usr/bin/clang       CMakeFiles/cmTryCompileExec3653699338.dir/CheckIncludeFile.c.o  -o cmTryCompileExec3653699338 -rdynamic 
gmake[1]: se sale del directorio `/home/alex/distorm/build/CMakeFiles/CMakeTmp'


Determining if the include file stdint.h exists passed with the following output:
Change Dir: /home/alex/distorm/build/CMakeFiles/CMakeTmp

Run Build Command:/usr/bin/gmake "cmTryCompileExec400088071/fast"
/usr/bin/gmake -f CMakeFiles/cmTryCompileExec400088071.dir/build.make CMakeFiles/cmTryCompileExec400088071.dir/build
gmake[1]: se ingresa al directorio `/home/alex/distorm/build/CMakeFiles/CMakeTmp'
/usr/bin/cmake -E cmake_progress_report /home/alex/distorm/build/CMakeFiles/CMakeTmp/CMakeFiles 1
Building C object CMakeFiles/cmTryCompileExec400088071.dir/CheckIncludeFile.c.o
/usr/bin/clang    -o CMakeFiles/cmTryCompileExec400088071.dir/CheckIncludeFile.c.o   -c /home/alex/distorm/build/CMakeFiles/CMakeTmp/CheckIncludeFile.c
Linking C executable cmTryCompileExec400088071
/usr/bin/cmake -E cmake_link_script CMakeFiles/cmTryCompileExec400088071.dir/link.txt --verbose=1
/usr/bin/clang       CMakeFiles/cmTryCompileExec400088071.dir/CheckIncludeFile.c.o  -o cmTryCompileExec400088071 -rdynamic 
gmake[1]: se sale del directorio `/home/alex/distorm/build/CMakeFiles/CMakeTmp'


Determining if the include file stddef.h exists passed with the following output:
Change Dir: /home/alex/distorm/build/CMakeFiles/CMakeTmp

Run Build Command:/usr/bin/gmake "cmTryCompileExec1162370912/fast"
/usr/bin/gmake -f CMakeFiles/cmTryCompileExec1162370912.dir/build.make CMakeFiles/cmTryCompileExec1162370912.dir/build
gmake[1]: se ingresa al directorio `/home/alex/distorm/build/CMakeFiles/CMakeTmp'
/usr/bin/cmake -E cmake_progress_report /home/alex/distorm/build/CMakeFiles/CMakeTmp/CMakeFiles 1
Building C object CMakeFiles/cmTryCompileExec1162370912.dir/CheckIncludeFile.c.o
/usr/bin/clang    -o CMakeFiles/cmTryCompileExec1162370912.dir/CheckIncludeFile.c.o   -c /home/alex/distorm/build/CMakeFiles/CMakeTmp/CheckIncludeFile.c
Linking C executable cmTryCompileExec1162370912
/usr/bin/cmake -E cmake_link_script CMakeFiles/cmTryCompileExec1162370912.dir/link.txt --verbose=1
/usr/bin/clang       CMakeFiles/cmTryCompileExec1162370912.dir/CheckIncludeFile.c.o  -o cmTryCompileExec1162370912 -rdynamic 
gmake[1]: se sale del directorio `/home/alex/distorm/build/CMakeFiles/CMakeTmp'


Determining size of unsigned short passed with the following output:
Change Dir: /home/alex/distorm/build/CMakeFiles/CMakeTmp

Run Build Command:/usr/bin/gmake "cmTryCompileExec3838068469/fast"
/usr/bin/gmake -f CMakeFiles/cmTryCompileExec3838068469.dir/build.make CMakeFiles/cmTryCompileExec3838068469.dir/build
gmake[1]: se ingresa al directorio `/home/alex/distorm/build/CMakeFiles/CMakeTmp'
/usr/bin/cmake -E cmake_progress_report /home/alex/distorm/build/CMakeFiles/CMakeTmp/CMakeFiles 1
Building C object CMakeFiles/cmTryCompileExec3838068469.dir/CMAKE_SIZEOF_UNSIGNED_SHORT.c.o
/usr/bin/clang    -o CMakeFiles/cmTryCompileExec3838068469.dir/CMAKE_SIZEOF_UNSIGNED_SHORT.c.o   -c /home/alex/distorm/build/CMakeFiles/CheckTypeSize/CMAKE_SIZEOF_UNSIGNED_SHORT.c
Linking C executable cmTryCompileExec3838068469
/usr/bin/cmake -E cmake_link_script CMakeFiles/cmTryCompileExec3838068469.dir/link.txt --verbose=1
/usr/bin/clang       CMakeFiles/cmTryCompileExec3838068469.dir/CMAKE_SIZEOF_UNSIGNED_SHORT.c.o  -o cmTryCompileExec3838068469 -rdynamic 
gmake[1]: se sale del directorio `/home/alex/distorm/build/CMakeFiles/CMakeTmp'


